[debug] [2026-04-03T00:30:41.885Z] [Firebase Plugin] Activating Firebase extension.
[debug] [2026-04-03T00:30:45.758Z] [Firebase Plugin] requireAuthWrapper
[debug] [2026-04-03T00:30:45.759Z] > command requires scopes: ["email","openid","https://www.googleapis.com/auth/cloudplatformprojects.readonly","https://www.googleapis.com/auth/firebase","https://www.googleapis.com/auth/cloud-platform"]
[debug] [2026-04-03T00:30:45.759Z] > authorizing via signed-in user (christian.bearden2@gmail.com)
[debug] [2026-04-03T00:30:45.760Z] Checked if tokens are valid: false, expires at: 1775171548554
[debug] [2026-04-03T00:30:45.761Z] Checked if tokens are valid: false, expires at: 1775171548554
[debug] [2026-04-03T00:30:45.761Z] > refreshing access token with scopes: []
[debug] [2026-04-03T00:30:45.761Z] >>> [apiv2][query] POST https://www.googleapis.com/oauth2/v3/token [none]
[debug] [2026-04-03T00:30:45.762Z] >>> [apiv2][body] POST https://www.googleapis.com/oauth2/v3/token [omitted]
[info] [Firebase Plugin] Starting Data Connect toolkit (version 3.3.1) on port 50001
[debug] [2026-04-03T00:30:46.109Z] 'fdc build' failed with error: Unable to build your Data Connect schema and connectors (exit code 1): E0402 19:30:46.106140    1616 cmd.go:43] Error loading data connect config: could not find dataconnect.yaml in `/Users/christianbearden/OutpostDigitalSolutions/dataconnect`
 {"metadata":{"emulator":{"name":"dataconnect"},"message":"'fdc build' failed with error: Unable to build your Data Connect schema and connectors (exit code 1): E0402 19:30:46.106140    1616 cmd.go:43] Error loading data connect config: could not find dataconnect.yaml in `/Users/christianbearden/OutpostDigitalSolutions/dataconnect`\n"}}
[debug] [2026-04-03T00:30:46.110Z] Ignoring unsupported arg: auto_download {"metadata":{"emulator":{"name":"dataconnect"},"message":"Ignoring unsupported arg: auto_download"}}
[debug] [2026-04-03T00:30:46.110Z] Ignoring unsupported arg: port {"metadata":{"emulator":{"name":"dataconnect"},"message":"Ignoring unsupported arg: port"}}
[debug] [2026-04-03T00:30:46.110Z] Starting Data Connect Emulator with command {"binary":"/Users/christianbearden/.cache/firebase/emulators/dataconnect-emulator-3.3.1","args":["--logtostderr","-v=2","dev","--listen=localhost:50001","--config_dir=/Users/christianbearden/OutpostDigitalSolutions/dataconnect","--enable_output_schema_extensions=true","--enable_output_generated_sdk=true"],"optionalArgs":["listen","config_dir","enable_output_schema_extensions","enable_output_generated_sdk"],"joinArgs":true,"shell":false,"port":9399} {"metadata":{"emulator":{"name":"dataconnect"},"message":"Starting Data Connect Emulator with command {\"binary\":\"/Users/christianbearden/.cache/firebase/emulators/dataconnect-emulator-3.3.1\",\"args\":[\"--logtostderr\",\"-v=2\",\"dev\",\"--listen=localhost:50001\",\"--config_dir=/Users/christianbearden/OutpostDigitalSolutions/dataconnect\",\"--enable_output_schema_extensions=true\",\"--enable_output_generated_sdk=true\"],\"optionalArgs\":[\"listen\",\"config_dir\",\"enable_output_schema_extensions\",\"enable_output_generated_sdk\"],\"joinArgs\":true,\"shell\":false,\"port\":9399}"}}
[info] i  dataconnect: Data Connect Emulator logging to dataconnect-debug.log {"metadata":{"emulator":{"name":"dataconnect"},"message":"Data Connect Emulator logging to dataconnect-debug.log"}}
[debug] [2026-04-03T00:30:46.260Z] E0402 19:30:46.236853    1621 dev.go:83] Failed to load initial config from "/Users/christianbearden/OutpostDigitalSolutions/dataconnect": could not find dataconnect.yaml in `/Users/christianbearden/OutpostDigitalSolutions/dataconnect`
 {"metadata":{"emulator":{"name":"dataconnect"},"message":"E0402 19:30:46.236853    1621 dev.go:83] Failed to load initial config from \"/Users/christianbearden/OutpostDigitalSolutions/dataconnect\": could not find dataconnect.yaml in `/Users/christianbearden/OutpostDigitalSolutions/dataconnect`\n"}}
[debug] [2026-04-03T00:30:46.261Z] E0402 19:30:46.260955    1621 watch.go:116] watchAllDir unable to walk dir `/Users/christianbearden/OutpostDigitalSolutions/dataconnect`: lstat /Users/christianbearden/OutpostDigitalSolutions/dataconnect: no such file or directory
 {"metadata":{"emulator":{"name":"dataconnect"},"message":"E0402 19:30:46.260955    1621 watch.go:116] watchAllDir unable to walk dir `/Users/christianbearden/OutpostDigitalSolutions/dataconnect`: lstat /Users/christianbearden/OutpostDigitalSolutions/dataconnect: no such file or directory\n"}}
[debug] [2026-04-03T00:30:46.296Z] I0402 19:30:46.296046    1621 dev.go:104] Listening on address (HTTP + gRPC): 127.0.0.1:50001
 {"metadata":{"emulator":{"name":"dataconnect"},"message":"I0402 19:30:46.296046    1621 dev.go:104] Listening on address (HTTP + gRPC): 127.0.0.1:50001\n"}}
[debug] [2026-04-03T00:30:46.424Z] <<< [apiv2][status] POST https://www.googleapis.com/oauth2/v3/token 200
[debug] [2026-04-03T00:30:46.424Z] <<< [apiv2][body] POST https://www.googleapis.com/oauth2/v3/token [omitted]
[debug] [2026-04-03T00:30:46.443Z] [Firebase Plugin] User found:  christian.bearden2@gmail.com
[info] [Firebase Plugin] (Core:Project) New user detected, fetching projects
[debug] [2026-04-03T00:30:46.443Z] Checked if tokens are valid: true, expires at: 1775179845424
[debug] [2026-04-03T00:30:46.443Z] >>> [apiv2][query] GET https://firebase.googleapis.com/v1beta1/projects pageSize=1000
[error] [Firebase Plugin] error:  {}
[debug] [2026-04-03T00:30:47.659Z] <<< [apiv2][status] GET https://firebase.googleapis.com/v1beta1/projects 200
[debug] [2026-04-03T00:30:47.659Z] <<< [apiv2][body] GET https://firebase.googleapis.com/v1beta1/projects [omitted]
[debug] [2026-04-03T00:30:56.266Z] E0402 19:30:56.265427    1621 watch.go:40] Failed to load config from "/Users/christianbearden/OutpostDigitalSolutions/dataconnect": could not find dataconnect.yaml in `/Users/christianbearden/OutpostDigitalSolutions/dataconnect`
 {"metadata":{"emulator":{"name":"dataconnect"},"message":"E0402 19:30:56.265427    1621 watch.go:40] Failed to load config from \"/Users/christianbearden/OutpostDigitalSolutions/dataconnect\": could not find dataconnect.yaml in `/Users/christianbearden/OutpostDigitalSolutions/dataconnect`\n"}}
[debug] [2026-04-03T00:31:06.263Z] E0402 19:31:06.262881    1621 watch.go:40] Failed to load config from "/Users/christianbearden/OutpostDigitalSolutions/dataconnect": could not find dataconnect.yaml in `/Users/christianbearden/OutpostDigitalSolutions/dataconnect`
 {"metadata":{"emulator":{"name":"dataconnect"},"message":"E0402 19:31:06.262881    1621 watch.go:40] Failed to load config from \"/Users/christianbearden/OutpostDigitalSolutions/dataconnect\": could not find dataconnect.yaml in `/Users/christianbearden/OutpostDigitalSolutions/dataconnect`\n"}}
[debug] [2026-04-03T00:31:16.263Z] E0402 19:31:16.262795    1621 watch.go:40] Failed to load config from "/Users/christianbearden/OutpostDigitalSolutions/dataconnect": could not find dataconnect.yaml in `/Users/christianbearden/OutpostDigitalSolutions/dataconnect`
 {"metadata":{"emulator":{"name":"dataconnect"},"message":"E0402 19:31:16.262795    1621 watch.go:40] Failed to load config from \"/Users/christianbearden/OutpostDigitalSolutions/dataconnect\": could not find dataconnect.yaml in `/Users/christianbearden/OutpostDigitalSolutions/dataconnect`\n"}}
[debug] [2026-04-03T00:31:26.264Z] E0402 19:31:26.263708    1621 watch.go:40] Failed to load config from "/Users/christianbearden/OutpostDigitalSolutions/dataconnect": could not find dataconnect.yaml in `/Users/christianbearden/OutpostDigitalSolutions/dataconnect`
 {"metadata":{"emulator":{"name":"dataconnect"},"message":"E0402 19:31:26.263708    1621 watch.go:40] Failed to load config from \"/Users/christianbearden/OutpostDigitalSolutions/dataconnect\": could not find dataconnect.yaml in `/Users/christianbearden/OutpostDigitalSolutions/dataconnect`\n"}}
[debug] [2026-04-03T00:31:36.272Z] E0402 19:31:36.263209    1621 watch.go:40] Failed to load config from "/Users/christianbearden/OutpostDigitalSolutions/dataconnect": could not find dataconnect.yaml in `/Users/christianbearden/OutpostDigitalSolutions/dataconnect`
 {"metadata":{"emulator":{"name":"dataconnect"},"message":"E0402 19:31:36.263209    1621 watch.go:40] Failed to load config from \"/Users/christianbearden/OutpostDigitalSolutions/dataconnect\": could not find dataconnect.yaml in `/Users/christianbearden/OutpostDigitalSolutions/dataconnect`\n"}}
[debug] [2026-04-03T00:31:46.267Z] E0402 19:31:46.265187    1621 watch.go:40] Failed to load config from "/Users/christianbearden/OutpostDigitalSolutions/dataconnect": could not find dataconnect.yaml in `/Users/christianbearden/OutpostDigitalSolutions/dataconnect`
 {"metadata":{"emulator":{"name":"dataconnect"},"message":"E0402 19:31:46.265187    1621 watch.go:40] Failed to load config from \"/Users/christianbearden/OutpostDigitalSolutions/dataconnect\": could not find dataconnect.yaml in `/Users/christianbearden/OutpostDigitalSolutions/dataconnect`\n"}}
[debug] [2026-04-03T00:31:46.276Z] E0402 19:31:46.264802    1621 watch.go:116] watchAllDir unable to walk dir `/Users/christianbearden/OutpostDigitalSolutions/dataconnect`: lstat /Users/christianbearden/OutpostDigitalSolutions/dataconnect: no such file or directory
 {"metadata":{"emulator":{"name":"dataconnect"},"message":"E0402 19:31:46.264802    1621 watch.go:116] watchAllDir unable to walk dir `/Users/christianbearden/OutpostDigitalSolutions/dataconnect`: lstat /Users/christianbearden/OutpostDigitalSolutions/dataconnect: no such file or directory\n"}}
[debug] [2026-04-03T00:31:56.266Z] E0402 19:31:56.264392    1621 watch.go:40] Failed to load config from "/Users/christianbearden/OutpostDigitalSolutions/dataconnect": could not find dataconnect.yaml in `/Users/christianbearden/OutpostDigitalSolutions/dataconnect`
 {"metadata":{"emulator":{"name":"dataconnect"},"message":"E0402 19:31:56.264392    1621 watch.go:40] Failed to load config from \"/Users/christianbearden/OutpostDigitalSolutions/dataconnect\": could not find dataconnect.yaml in `/Users/christianbearden/OutpostDigitalSolutions/dataconnect`\n"}}
[debug] [2026-04-03T00:32:06.270Z] E0402 19:32:06.264179    1621 watch.go:40] Failed to load config from "/Users/christianbearden/OutpostDigitalSolutions/dataconnect": could not find dataconnect.yaml in `/Users/christianbearden/OutpostDigitalSolutions/dataconnect`
 {"metadata":{"emulator":{"name":"dataconnect"},"message":"E0402 19:32:06.264179    1621 watch.go:40] Failed to load config from \"/Users/christianbearden/OutpostDigitalSolutions/dataconnect\": could not find dataconnect.yaml in `/Users/christianbearden/OutpostDigitalSolutions/dataconnect`\n"}}
[debug] [2026-04-03T00:32:16.272Z] E0402 19:32:16.264508    1621 watch.go:40] Failed to load config from "/Users/christianbearden/OutpostDigitalSolutions/dataconnect": could not find dataconnect.yaml in `/Users/christianbearden/OutpostDigitalSolutions/dataconnect`
 {"metadata":{"emulator":{"name":"dataconnect"},"message":"E0402 19:32:16.264508    1621 watch.go:40] Failed to load config from \"/Users/christianbearden/OutpostDigitalSolutions/dataconnect\": could not find dataconnect.yaml in `/Users/christianbearden/OutpostDigitalSolutions/dataconnect`\n"}}
[debug] [2026-04-03T00:32:26.265Z] E0402 19:32:26.264203    1621 watch.go:40] Failed to load config from "/Users/christianbearden/OutpostDigitalSolutions/dataconnect": could not find dataconnect.yaml in `/Users/christianbearden/OutpostDigitalSolutions/dataconnect`
 {"metadata":{"emulator":{"name":"dataconnect"},"message":"E0402 19:32:26.264203    1621 watch.go:40] Failed to load config from \"/Users/christianbearden/OutpostDigitalSolutions/dataconnect\": could not find dataconnect.yaml in `/Users/christianbearden/OutpostDigitalSolutions/dataconnect`\n"}}
[debug] [2026-04-03T00:32:36.264Z] E0402 19:32:36.263984    1621 watch.go:40] Failed to load config from "/Users/christianbearden/OutpostDigitalSolutions/dataconnect": could not find dataconnect.yaml in `/Users/christianbearden/OutpostDigitalSolutions/dataconnect`
 {"metadata":{"emulator":{"name":"dataconnect"},"message":"E0402 19:32:36.263984    1621 watch.go:40] Failed to load config from \"/Users/christianbearden/OutpostDigitalSolutions/dataconnect\": could not find dataconnect.yaml in `/Users/christianbearden/OutpostDigitalSolutions/dataconnect`\n"}}
[debug] [2026-04-03T00:32:46.269Z] E0402 19:32:46.266434    1621 watch.go:116] watchAllDir unable to walk dir `/Users/christianbearden/OutpostDigitalSolutions/dataconnect`: lstat /Users/christianbearden/OutpostDigitalSolutions/dataconnect: no such file or directory
E0402 19:32:46.267489    1621 watch.go:40] Failed to load config from "/Users/christianbearden/OutpostDigitalSolutions/dataconnect": could not find dataconnect.yaml in `/Users/christianbearden/OutpostDigitalSolutions/dataconnect`
 {"metadata":{"emulator":{"name":"dataconnect"},"message":"E0402 19:32:46.266434    1621 watch.go:116] watchAllDir unable to walk dir `/Users/christianbearden/OutpostDigitalSolutions/dataconnect`: lstat /Users/christianbearden/OutpostDigitalSolutions/dataconnect: no such file or directory\nE0402 19:32:46.267489    1621 watch.go:40] Failed to load config from \"/Users/christianbearden/OutpostDigitalSolutions/dataconnect\": could not find dataconnect.yaml in `/Users/christianbearden/OutpostDigitalSolutions/dataconnect`\n"}}
[debug] [2026-04-03T00:32:56.266Z] E0402 19:32:56.265682    1621 watch.go:40] Failed to load config from "/Users/christianbearden/OutpostDigitalSolutions/dataconnect": could not find dataconnect.yaml in `/Users/christianbearden/OutpostDigitalSolutions/dataconnect`
 {"metadata":{"emulator":{"name":"dataconnect"},"message":"E0402 19:32:56.265682    1621 watch.go:40] Failed to load config from \"/Users/christianbearden/OutpostDigitalSolutions/dataconnect\": could not find dataconnect.yaml in `/Users/christianbearden/OutpostDigitalSolutions/dataconnect`\n"}}
[debug] [2026-04-03T00:33:06.265Z] E0402 19:33:06.264100    1621 watch.go:40] Failed to load config from "/Users/christianbearden/OutpostDigitalSolutions/dataconnect": could not find dataconnect.yaml in `/Users/christianbearden/OutpostDigitalSolutions/dataconnect`
 {"metadata":{"emulator":{"name":"dataconnect"},"message":"E0402 19:33:06.264100    1621 watch.go:40] Failed to load config from \"/Users/christianbearden/OutpostDigitalSolutions/dataconnect\": could not find dataconnect.yaml in `/Users/christianbearden/OutpostDigitalSolutions/dataconnect`\n"}}
[debug] [2026-04-03T00:33:16.263Z] E0402 19:33:16.263408    1621 watch.go:40] Failed to load config from "/Users/christianbearden/OutpostDigitalSolutions/dataconnect": could not find dataconnect.yaml in `/Users/christianbearden/OutpostDigitalSolutions/dataconnect`
 {"metadata":{"emulator":{"name":"dataconnect"},"message":"E0402 19:33:16.263408    1621 watch.go:40] Failed to load config from \"/Users/christianbearden/OutpostDigitalSolutions/dataconnect\": could not find dataconnect.yaml in `/Users/christianbearden/OutpostDigitalSolutions/dataconnect`\n"}}
[debug] [2026-04-03T00:33:26.265Z] E0402 19:33:26.264023    1621 watch.go:40] Failed to load config from "/Users/christianbearden/OutpostDigitalSolutions/dataconnect": could not find dataconnect.yaml in `/Users/christianbearden/OutpostDigitalSolutions/dataconnect`
 {"metadata":{"emulator":{"name":"dataconnect"},"message":"E0402 19:33:26.264023    1621 watch.go:40] Failed to load config from \"/Users/christianbearden/OutpostDigitalSolutions/dataconnect\": could not find dataconnect.yaml in `/Users/christianbearden/OutpostDigitalSolutions/dataconnect`\n"}}
[debug] [2026-04-03T00:33:36.268Z] E0402 19:33:36.265112    1621 watch.go:40] Failed to load config from "/Users/christianbearden/OutpostDigitalSolutions/dataconnect": could not find dataconnect.yaml in `/Users/christianbearden/OutpostDigitalSolutions/dataconnect`
 {"metadata":{"emulator":{"name":"dataconnect"},"message":"E0402 19:33:36.265112    1621 watch.go:40] Failed to load config from \"/Users/christianbearden/OutpostDigitalSolutions/dataconnect\": could not find dataconnect.yaml in `/Users/christianbearden/OutpostDigitalSolutions/dataconnect`\n"}}
[debug] [2026-04-03T00:33:46.264Z] E0402 19:33:46.264252    1621 watch.go:40] Failed to load config from "/Users/christianbearden/OutpostDigitalSolutions/dataconnect": could not find dataconnect.yaml in `/Users/christianbearden/OutpostDigitalSolutions/dataconnect`
 {"metadata":{"emulator":{"name":"dataconnect"},"message":"E0402 19:33:46.264252    1621 watch.go:40] Failed to load config from \"/Users/christianbearden/OutpostDigitalSolutions/dataconnect\": could not find dataconnect.yaml in `/Users/christianbearden/OutpostDigitalSolutions/dataconnect`\n"}}
[debug] [2026-04-03T00:33:46.267Z] E0402 19:33:46.264296    1621 watch.go:116] watchAllDir unable to walk dir `/Users/christianbearden/OutpostDigitalSolutions/dataconnect`: lstat /Users/christianbearden/OutpostDigitalSolutions/dataconnect: no such file or directory
 {"metadata":{"emulator":{"name":"dataconnect"},"message":"E0402 19:33:46.264296    1621 watch.go:116] watchAllDir unable to walk dir `/Users/christianbearden/OutpostDigitalSolutions/dataconnect`: lstat /Users/christianbearden/OutpostDigitalSolutions/dataconnect: no such file or directory\n"}}
[debug] [2026-04-03T00:33:56.265Z] E0402 19:33:56.265233    1621 watch.go:40] Failed to load config from "/Users/christianbearden/OutpostDigitalSolutions/dataconnect": could not find dataconnect.yaml in `/Users/christianbearden/OutpostDigitalSolutions/dataconnect`
 {"metadata":{"emulator":{"name":"dataconnect"},"message":"E0402 19:33:56.265233    1621 watch.go:40] Failed to load config from \"/Users/christianbearden/OutpostDigitalSolutions/dataconnect\": could not find dataconnect.yaml in `/Users/christianbearden/OutpostDigitalSolutions/dataconnect`\n"}}
[debug] [2026-04-03T00:34:06.268Z] E0402 19:34:06.265272    1621 watch.go:40] Failed to load config from "/Users/christianbearden/OutpostDigitalSolutions/dataconnect": could not find dataconnect.yaml in `/Users/christianbearden/OutpostDigitalSolutions/dataconnect`
 {"metadata":{"emulator":{"name":"dataconnect"},"message":"E0402 19:34:06.265272    1621 watch.go:40] Failed to load config from \"/Users/christianbearden/OutpostDigitalSolutions/dataconnect\": could not find dataconnect.yaml in `/Users/christianbearden/OutpostDigitalSolutions/dataconnect`\n"}}
[debug] [2026-04-03T00:34:16.264Z] E0402 19:34:16.264504    1621 watch.go:40] Failed to load config from "/Users/christianbearden/OutpostDigitalSolutions/dataconnect": could not find dataconnect.yaml in `/Users/christianbearden/OutpostDigitalSolutions/dataconnect`
 {"metadata":{"emulator":{"name":"dataconnect"},"message":"E0402 19:34:16.264504    1621 watch.go:40] Failed to load config from \"/Users/christianbearden/OutpostDigitalSolutions/dataconnect\": could not find dataconnect.yaml in `/Users/christianbearden/OutpostDigitalSolutions/dataconnect`\n"}}
[debug] [2026-04-03T00:34:26.264Z] E0402 19:34:26.264589    1621 watch.go:40] Failed to load config from "/Users/christianbearden/OutpostDigitalSolutions/dataconnect": could not find dataconnect.yaml in `/Users/christianbearden/OutpostDigitalSolutions/dataconnect`
 {"metadata":{"emulator":{"name":"dataconnect"},"message":"E0402 19:34:26.264589    1621 watch.go:40] Failed to load config from \"/Users/christianbearden/OutpostDigitalSolutions/dataconnect\": could not find dataconnect.yaml in `/Users/christianbearden/OutpostDigitalSolutions/dataconnect`\n"}}
[debug] [2026-04-03T00:34:36.265Z] E0402 19:34:36.264792    1621 watch.go:40] Failed to load config from "/Users/christianbearden/OutpostDigitalSolutions/dataconnect": could not find dataconnect.yaml in `/Users/christianbearden/OutpostDigitalSolutions/dataconnect`
 {"metadata":{"emulator":{"name":"dataconnect"},"message":"E0402 19:34:36.264792    1621 watch.go:40] Failed to load config from \"/Users/christianbearden/OutpostDigitalSolutions/dataconnect\": could not find dataconnect.yaml in `/Users/christianbearden/OutpostDigitalSolutions/dataconnect`\n"}}
[debug] [2026-04-03T00:34:46.269Z] E0402 19:34:46.266246    1621 watch.go:116] watchAllDir unable to walk dir `/Users/christianbearden/OutpostDigitalSolutions/dataconnect`: lstat /Users/christianbearden/OutpostDigitalSolutions/dataconnect: no such file or directory
E0402 19:34:46.266055    1621 watch.go:40] Failed to load config from "/Users/christianbearden/OutpostDigitalSolutions/dataconnect": could not find dataconnect.yaml in `/Users/christianbearden/OutpostDigitalSolutions/dataconnect`
 {"metadata":{"emulator":{"name":"dataconnect"},"message":"E0402 19:34:46.266246    1621 watch.go:116] watchAllDir unable to walk dir `/Users/christianbearden/OutpostDigitalSolutions/dataconnect`: lstat /Users/christianbearden/OutpostDigitalSolutions/dataconnect: no such file or directory\nE0402 19:34:46.266055    1621 watch.go:40] Failed to load config from \"/Users/christianbearden/OutpostDigitalSolutions/dataconnect\": could not find dataconnect.yaml in `/Users/christianbearden/OutpostDigitalSolutions/dataconnect`\n"}}
[debug] [2026-04-03T00:34:56.265Z] E0402 19:34:56.264927    1621 watch.go:40] Failed to load config from "/Users/christianbearden/OutpostDigitalSolutions/dataconnect": could not find dataconnect.yaml in `/Users/christianbearden/OutpostDigitalSolutions/dataconnect`
 {"metadata":{"emulator":{"name":"dataconnect"},"message":"E0402 19:34:56.264927    1621 watch.go:40] Failed to load config from \"/Users/christianbearden/OutpostDigitalSolutions/dataconnect\": could not find dataconnect.yaml in `/Users/christianbearden/OutpostDigitalSolutions/dataconnect`\n"}}
[debug] [2026-04-03T00:35:06.266Z] E0402 19:35:06.266282    1621 watch.go:40] Failed to load config from "/Users/christianbearden/OutpostDigitalSolutions/dataconnect": could not find dataconnect.yaml in `/Users/christianbearden/OutpostDigitalSolutions/dataconnect`
 {"metadata":{"emulator":{"name":"dataconnect"},"message":"E0402 19:35:06.266282    1621 watch.go:40] Failed to load config from \"/Users/christianbearden/OutpostDigitalSolutions/dataconnect\": could not find dataconnect.yaml in `/Users/christianbearden/OutpostDigitalSolutions/dataconnect`\n"}}
[debug] [2026-04-03T00:35:16.265Z] E0402 19:35:16.265122    1621 watch.go:40] Failed to load config from "/Users/christianbearden/OutpostDigitalSolutions/dataconnect": could not find dataconnect.yaml in `/Users/christianbearden/OutpostDigitalSolutions/dataconnect`
 {"metadata":{"emulator":{"name":"dataconnect"},"message":"E0402 19:35:16.265122    1621 watch.go:40] Failed to load config from \"/Users/christianbearden/OutpostDigitalSolutions/dataconnect\": could not find dataconnect.yaml in `/Users/christianbearden/OutpostDigitalSolutions/dataconnect`\n"}}
[debug] [2026-04-03T00:35:26.265Z] E0402 19:35:26.265162    1621 watch.go:40] Failed to load config from "/Users/christianbearden/OutpostDigitalSolutions/dataconnect": could not find dataconnect.yaml in `/Users/christianbearden/OutpostDigitalSolutions/dataconnect`
 {"metadata":{"emulator":{"name":"dataconnect"},"message":"E0402 19:35:26.265162    1621 watch.go:40] Failed to load config from \"/Users/christianbearden/OutpostDigitalSolutions/dataconnect\": could not find dataconnect.yaml in `/Users/christianbearden/OutpostDigitalSolutions/dataconnect`\n"}}
[debug] [2026-04-03T00:35:36.265Z] E0402 19:35:36.265286    1621 watch.go:40] Failed to load config from "/Users/christianbearden/OutpostDigitalSolutions/dataconnect": could not find dataconnect.yaml in `/Users/christianbearden/OutpostDigitalSolutions/dataconnect`
 {"metadata":{"emulator":{"name":"dataconnect"},"message":"E0402 19:35:36.265286    1621 watch.go:40] Failed to load config from \"/Users/christianbearden/OutpostDigitalSolutions/dataconnect\": could not find dataconnect.yaml in `/Users/christianbearden/OutpostDigitalSolutions/dataconnect`\n"}}
[debug] [2026-04-03T00:35:46.269Z] E0402 19:35:46.265828    1621 watch.go:116] watchAllDir unable to walk dir `/Users/christianbearden/OutpostDigitalSolutions/dataconnect`: lstat /Users/christianbearden/OutpostDigitalSolutions/dataconnect: no such file or directory
E0402 19:35:46.266913    1621 watch.go:40] Failed to load config from "/Users/christianbearden/OutpostDigitalSolutions/dataconnect": could not find dataconnect.yaml in `/Users/christianbearden/OutpostDigitalSolutions/dataconnect`
 {"metadata":{"emulator":{"name":"dataconnect"},"message":"E0402 19:35:46.265828    1621 watch.go:116] watchAllDir unable to walk dir `/Users/christianbearden/OutpostDigitalSolutions/dataconnect`: lstat /Users/christianbearden/OutpostDigitalSolutions/dataconnect: no such file or directory\nE0402 19:35:46.266913    1621 watch.go:40] Failed to load config from \"/Users/christianbearden/OutpostDigitalSolutions/dataconnect\": could not find dataconnect.yaml in `/Users/christianbearden/OutpostDigitalSolutions/dataconnect`\n"}}
[debug] [2026-04-03T00:35:56.265Z] E0402 19:35:56.265544    1621 watch.go:40] Failed to load config from "/Users/christianbearden/OutpostDigitalSolutions/dataconnect": could not find dataconnect.yaml in `/Users/christianbearden/OutpostDigitalSolutions/dataconnect`
 {"metadata":{"emulator":{"name":"dataconnect"},"message":"E0402 19:35:56.265544    1621 watch.go:40] Failed to load config from \"/Users/christianbearden/OutpostDigitalSolutions/dataconnect\": could not find dataconnect.yaml in `/Users/christianbearden/OutpostDigitalSolutions/dataconnect`\n"}}
[debug] [2026-04-03T00:36:06.265Z] E0402 19:36:06.265516    1621 watch.go:40] Failed to load config from "/Users/christianbearden/OutpostDigitalSolutions/dataconnect": could not find dataconnect.yaml in `/Users/christianbearden/OutpostDigitalSolutions/dataconnect`
 {"metadata":{"emulator":{"name":"dataconnect"},"message":"E0402 19:36:06.265516    1621 watch.go:40] Failed to load config from \"/Users/christianbearden/OutpostDigitalSolutions/dataconnect\": could not find dataconnect.yaml in `/Users/christianbearden/OutpostDigitalSolutions/dataconnect`\n"}}
[debug] [2026-04-03T00:36:16.266Z] E0402 19:36:16.266007    1621 watch.go:40] Failed to load config from "/Users/christianbearden/OutpostDigitalSolutions/dataconnect": could not find dataconnect.yaml in `/Users/christianbearden/OutpostDigitalSolutions/dataconnect`
 {"metadata":{"emulator":{"name":"dataconnect"},"message":"E0402 19:36:16.266007    1621 watch.go:40] Failed to load config from \"/Users/christianbearden/OutpostDigitalSolutions/dataconnect\": could not find dataconnect.yaml in `/Users/christianbearden/OutpostDigitalSolutions/dataconnect`\n"}}
[debug] [2026-04-03T00:36:26.265Z] E0402 19:36:26.265766    1621 watch.go:40] Failed to load config from "/Users/christianbearden/OutpostDigitalSolutions/dataconnect": could not find dataconnect.yaml in `/Users/christianbearden/OutpostDigitalSolutions/dataconnect`
 {"metadata":{"emulator":{"name":"dataconnect"},"message":"E0402 19:36:26.265766    1621 watch.go:40] Failed to load config from \"/Users/christianbearden/OutpostDigitalSolutions/dataconnect\": could not find dataconnect.yaml in `/Users/christianbearden/OutpostDigitalSolutions/dataconnect`\n"}}
[debug] [2026-04-03T00:36:36.266Z] E0402 19:36:36.265902    1621 watch.go:40] Failed to load config from "/Users/christianbearden/OutpostDigitalSolutions/dataconnect": could not find dataconnect.yaml in `/Users/christianbearden/OutpostDigitalSolutions/dataconnect`
 {"metadata":{"emulator":{"name":"dataconnect"},"message":"E0402 19:36:36.265902    1621 watch.go:40] Failed to load config from \"/Users/christianbearden/OutpostDigitalSolutions/dataconnect\": could not find dataconnect.yaml in `/Users/christianbearden/OutpostDigitalSolutions/dataconnect`\n"}}
[debug] [2026-04-03T00:36:46.265Z] E0402 19:36:46.265356    1621 watch.go:116] watchAllDir unable to walk dir `/Users/christianbearden/OutpostDigitalSolutions/dataconnect`: lstat /Users/christianbearden/OutpostDigitalSolutions/dataconnect: no such file or directory
 {"metadata":{"emulator":{"name":"dataconnect"},"message":"E0402 19:36:46.265356    1621 watch.go:116] watchAllDir unable to walk dir `/Users/christianbearden/OutpostDigitalSolutions/dataconnect`: lstat /Users/christianbearden/OutpostDigitalSolutions/dataconnect: no such file or directory\n"}}
[debug] [2026-04-03T00:36:46.268Z] E0402 19:36:46.266956    1621 watch.go:40] Failed to load config from "/Users/christianbearden/OutpostDigitalSolutions/dataconnect": could not find dataconnect.yaml in `/Users/christianbearden/OutpostDigitalSolutions/dataconnect`
 {"metadata":{"emulator":{"name":"dataconnect"},"message":"E0402 19:36:46.266956    1621 watch.go:40] Failed to load config from \"/Users/christianbearden/OutpostDigitalSolutions/dataconnect\": could not find dataconnect.yaml in `/Users/christianbearden/OutpostDigitalSolutions/dataconnect`\n"}}
[debug] [2026-04-03T00:36:56.277Z] E0402 19:36:56.267785    1621 watch.go:40] Failed to load config from "/Users/christianbearden/OutpostDigitalSolutions/dataconnect": could not find dataconnect.yaml in `/Users/christianbearden/OutpostDigitalSolutions/dataconnect`
 {"metadata":{"emulator":{"name":"dataconnect"},"message":"E0402 19:36:56.267785    1621 watch.go:40] Failed to load config from \"/Users/christianbearden/OutpostDigitalSolutions/dataconnect\": could not find dataconnect.yaml in `/Users/christianbearden/OutpostDigitalSolutions/dataconnect`\n"}}
[debug] [2026-04-03T00:37:06.267Z] E0402 19:37:06.266287    1621 watch.go:40] Failed to load config from "/Users/christianbearden/OutpostDigitalSolutions/dataconnect": could not find dataconnect.yaml in `/Users/christianbearden/OutpostDigitalSolutions/dataconnect`
 {"metadata":{"emulator":{"name":"dataconnect"},"message":"E0402 19:37:06.266287    1621 watch.go:40] Failed to load config from \"/Users/christianbearden/OutpostDigitalSolutions/dataconnect\": could not find dataconnect.yaml in `/Users/christianbearden/OutpostDigitalSolutions/dataconnect`\n"}}
[debug] [2026-04-03T00:37:16.269Z] E0402 19:37:16.266256    1621 watch.go:40] Failed to load config from "/Users/christianbearden/OutpostDigitalSolutions/dataconnect": could not find dataconnect.yaml in `/Users/christianbearden/OutpostDigitalSolutions/dataconnect`
 {"metadata":{"emulator":{"name":"dataconnect"},"message":"E0402 19:37:16.266256    1621 watch.go:40] Failed to load config from \"/Users/christianbearden/OutpostDigitalSolutions/dataconnect\": could not find dataconnect.yaml in `/Users/christianbearden/OutpostDigitalSolutions/dataconnect`\n"}}
[debug] [2026-04-03T00:37:26.266Z] E0402 19:37:26.266523    1621 watch.go:40] Failed to load config from "/Users/christianbearden/OutpostDigitalSolutions/dataconnect": could not find dataconnect.yaml in `/Users/christianbearden/OutpostDigitalSolutions/dataconnect`
 {"metadata":{"emulator":{"name":"dataconnect"},"message":"E0402 19:37:26.266523    1621 watch.go:40] Failed to load config from \"/Users/christianbearden/OutpostDigitalSolutions/dataconnect\": could not find dataconnect.yaml in `/Users/christianbearden/OutpostDigitalSolutions/dataconnect`\n"}}
[debug] [2026-04-03T00:37:36.266Z] E0402 19:37:36.266511    1621 watch.go:40] Failed to load config from "/Users/christianbearden/OutpostDigitalSolutions/dataconnect": could not find dataconnect.yaml in `/Users/christianbearden/OutpostDigitalSolutions/dataconnect`
 {"metadata":{"emulator":{"name":"dataconnect"},"message":"E0402 19:37:36.266511    1621 watch.go:40] Failed to load config from \"/Users/christianbearden/OutpostDigitalSolutions/dataconnect\": could not find dataconnect.yaml in `/Users/christianbearden/OutpostDigitalSolutions/dataconnect`\n"}}
[debug] [2026-04-03T00:37:46.266Z] E0402 19:37:46.266123    1621 watch.go:40] Failed to load config from "/Users/christianbearden/OutpostDigitalSolutions/dataconnect": could not find dataconnect.yaml in `/Users/christianbearden/OutpostDigitalSolutions/dataconnect`
 {"metadata":{"emulator":{"name":"dataconnect"},"message":"E0402 19:37:46.266123    1621 watch.go:40] Failed to load config from \"/Users/christianbearden/OutpostDigitalSolutions/dataconnect\": could not find dataconnect.yaml in `/Users/christianbearden/OutpostDigitalSolutions/dataconnect`\n"}}
[debug] [2026-04-03T00:37:46.267Z] E0402 19:37:46.266084    1621 watch.go:116] watchAllDir unable to walk dir `/Users/christianbearden/OutpostDigitalSolutions/dataconnect`: lstat /Users/christianbearden/OutpostDigitalSolutions/dataconnect: no such file or directory
 {"metadata":{"emulator":{"name":"dataconnect"},"message":"E0402 19:37:46.266084    1621 watch.go:116] watchAllDir unable to walk dir `/Users/christianbearden/OutpostDigitalSolutions/dataconnect`: lstat /Users/christianbearden/OutpostDigitalSolutions/dataconnect: no such file or directory\n"}}
[debug] [2026-04-03T00:37:56.268Z] E0402 19:37:56.266795    1621 watch.go:40] Failed to load config from "/Users/christianbearden/OutpostDigitalSolutions/dataconnect": could not find dataconnect.yaml in `/Users/christianbearden/OutpostDigitalSolutions/dataconnect`
 {"metadata":{"emulator":{"name":"dataconnect"},"message":"E0402 19:37:56.266795    1621 watch.go:40] Failed to load config from \"/Users/christianbearden/OutpostDigitalSolutions/dataconnect\": could not find dataconnect.yaml in `/Users/christianbearden/OutpostDigitalSolutions/dataconnect`\n"}}
[debug] [2026-04-03T00:38:06.267Z] E0402 19:38:06.266986    1621 watch.go:40] Failed to load config from "/Users/christianbearden/OutpostDigitalSolutions/dataconnect": could not find dataconnect.yaml in `/Users/christianbearden/OutpostDigitalSolutions/dataconnect`
 {"metadata":{"emulator":{"name":"dataconnect"},"message":"E0402 19:38:06.266986    1621 watch.go:40] Failed to load config from \"/Users/christianbearden/OutpostDigitalSolutions/dataconnect\": could not find dataconnect.yaml in `/Users/christianbearden/OutpostDigitalSolutions/dataconnect`\n"}}
[debug] [2026-04-03T00:38:16.272Z] E0402 19:38:16.270127    1621 watch.go:40] Failed to load config from "/Users/christianbearden/OutpostDigitalSolutions/dataconnect": could not find dataconnect.yaml in `/Users/christianbearden/OutpostDigitalSolutions/dataconnect`
 {"metadata":{"emulator":{"name":"dataconnect"},"message":"E0402 19:38:16.270127    1621 watch.go:40] Failed to load config from \"/Users/christianbearden/OutpostDigitalSolutions/dataconnect\": could not find dataconnect.yaml in `/Users/christianbearden/OutpostDigitalSolutions/dataconnect`\n"}}
[debug] [2026-04-03T00:38:26.267Z] E0402 19:38:26.267382    1621 watch.go:40] Failed to load config from "/Users/christianbearden/OutpostDigitalSolutions/dataconnect": could not find dataconnect.yaml in `/Users/christianbearden/OutpostDigitalSolutions/dataconnect`
 {"metadata":{"emulator":{"name":"dataconnect"},"message":"E0402 19:38:26.267382    1621 watch.go:40] Failed to load config from \"/Users/christianbearden/OutpostDigitalSolutions/dataconnect\": could not find dataconnect.yaml in `/Users/christianbearden/OutpostDigitalSolutions/dataconnect`\n"}}
[debug] [2026-04-03T00:38:36.267Z] E0402 19:38:36.267065    1621 watch.go:40] Failed to load config from "/Users/christianbearden/OutpostDigitalSolutions/dataconnect": could not find dataconnect.yaml in `/Users/christianbearden/OutpostDigitalSolutions/dataconnect`
 {"metadata":{"emulator":{"name":"dataconnect"},"message":"E0402 19:38:36.267065    1621 watch.go:40] Failed to load config from \"/Users/christianbearden/OutpostDigitalSolutions/dataconnect\": could not find dataconnect.yaml in `/Users/christianbearden/OutpostDigitalSolutions/dataconnect`\n"}}
[debug] [2026-04-03T00:38:46.267Z] E0402 19:38:46.267248    1621 watch.go:40] Failed to load config from "/Users/christianbearden/OutpostDigitalSolutions/dataconnect": could not find dataconnect.yaml in `/Users/christianbearden/OutpostDigitalSolutions/dataconnect`
E0402 19:38:46.267218    1621 watch.go:116] watchAllDir unable to walk dir `/Users/christianbearden/OutpostDigitalSolutions/dataconnect`: lstat /Users/christianbearden/OutpostDigitalSolutions/dataconnect: no such file or directory
 {"metadata":{"emulator":{"name":"dataconnect"},"message":"E0402 19:38:46.267248    1621 watch.go:40] Failed to load config from \"/Users/christianbearden/OutpostDigitalSolutions/dataconnect\": could not find dataconnect.yaml in `/Users/christianbearden/OutpostDigitalSolutions/dataconnect`\nE0402 19:38:46.267218    1621 watch.go:116] watchAllDir unable to walk dir `/Users/christianbearden/OutpostDigitalSolutions/dataconnect`: lstat /Users/christianbearden/OutpostDigitalSolutions/dataconnect: no such file or directory\n"}}
[debug] [2026-04-03T00:38:56.269Z] E0402 19:38:56.267182    1621 watch.go:40] Failed to load config from "/Users/christianbearden/OutpostDigitalSolutions/dataconnect": could not find dataconnect.yaml in `/Users/christianbearden/OutpostDigitalSolutions/dataconnect`
 {"metadata":{"emulator":{"name":"dataconnect"},"message":"E0402 19:38:56.267182    1621 watch.go:40] Failed to load config from \"/Users/christianbearden/OutpostDigitalSolutions/dataconnect\": could not find dataconnect.yaml in `/Users/christianbearden/OutpostDigitalSolutions/dataconnect`\n"}}
[debug] [2026-04-03T00:39:06.298Z] E0402 19:39:06.273478    1621 watch.go:40] Failed to load config from "/Users/christianbearden/OutpostDigitalSolutions/dataconnect": could not find dataconnect.yaml in `/Users/christianbearden/OutpostDigitalSolutions/dataconnect`
 {"metadata":{"emulator":{"name":"dataconnect"},"message":"E0402 19:39:06.273478    1621 watch.go:40] Failed to load config from \"/Users/christianbearden/OutpostDigitalSolutions/dataconnect\": could not find dataconnect.yaml in `/Users/christianbearden/OutpostDigitalSolutions/dataconnect`\n"}}
[debug] [2026-04-03T00:39:16.269Z] E0402 19:39:16.268632    1621 watch.go:40] Failed to load config from "/Users/christianbearden/OutpostDigitalSolutions/dataconnect": could not find dataconnect.yaml in `/Users/christianbearden/OutpostDigitalSolutions/dataconnect`
 {"metadata":{"emulator":{"name":"dataconnect"},"message":"E0402 19:39:16.268632    1621 watch.go:40] Failed to load config from \"/Users/christianbearden/OutpostDigitalSolutions/dataconnect\": could not find dataconnect.yaml in `/Users/christianbearden/OutpostDigitalSolutions/dataconnect`\n"}}
[debug] [2026-04-03T00:39:26.270Z] E0402 19:39:26.267569    1621 watch.go:40] Failed to load config from "/Users/christianbearden/OutpostDigitalSolutions/dataconnect": could not find dataconnect.yaml in `/Users/christianbearden/OutpostDigitalSolutions/dataconnect`
 {"metadata":{"emulator":{"name":"dataconnect"},"message":"E0402 19:39:26.267569    1621 watch.go:40] Failed to load config from \"/Users/christianbearden/OutpostDigitalSolutions/dataconnect\": could not find dataconnect.yaml in `/Users/christianbearden/OutpostDigitalSolutions/dataconnect`\n"}}
[debug] [2026-04-03T00:39:36.268Z] E0402 19:39:36.267672    1621 watch.go:40] Failed to load config from "/Users/christianbearden/OutpostDigitalSolutions/dataconnect": could not find dataconnect.yaml in `/Users/christianbearden/OutpostDigitalSolutions/dataconnect`
 {"metadata":{"emulator":{"name":"dataconnect"},"message":"E0402 19:39:36.267672    1621 watch.go:40] Failed to load config from \"/Users/christianbearden/OutpostDigitalSolutions/dataconnect\": could not find dataconnect.yaml in `/Users/christianbearden/OutpostDigitalSolutions/dataconnect`\n"}}
[debug] [2026-04-03T00:39:46.268Z] E0402 19:39:46.267818    1621 watch.go:40] Failed to load config from "/Users/christianbearden/OutpostDigitalSolutions/dataconnect": could not find dataconnect.yaml in `/Users/christianbearden/OutpostDigitalSolutions/dataconnect`
 {"metadata":{"emulator":{"name":"dataconnect"},"message":"E0402 19:39:46.267818    1621 watch.go:40] Failed to load config from \"/Users/christianbearden/OutpostDigitalSolutions/dataconnect\": could not find dataconnect.yaml in `/Users/christianbearden/OutpostDigitalSolutions/dataconnect`\n"}}
[debug] [2026-04-03T00:39:46.271Z] E0402 19:39:46.267763    1621 watch.go:116] watchAllDir unable to walk dir `/Users/christianbearden/OutpostDigitalSolutions/dataconnect`: lstat /Users/christianbearden/OutpostDigitalSolutions/dataconnect: no such file or directory
 {"metadata":{"emulator":{"name":"dataconnect"},"message":"E0402 19:39:46.267763    1621 watch.go:116] watchAllDir unable to walk dir `/Users/christianbearden/OutpostDigitalSolutions/dataconnect`: lstat /Users/christianbearden/OutpostDigitalSolutions/dataconnect: no such file or directory\n"}}
[debug] [2026-04-03T00:39:56.268Z] E0402 19:39:56.268322    1621 watch.go:40] Failed to load config from "/Users/christianbearden/OutpostDigitalSolutions/dataconnect": could not find dataconnect.yaml in `/Users/christianbearden/OutpostDigitalSolutions/dataconnect`
 {"metadata":{"emulator":{"name":"dataconnect"},"message":"E0402 19:39:56.268322    1621 watch.go:40] Failed to load config from \"/Users/christianbearden/OutpostDigitalSolutions/dataconnect\": could not find dataconnect.yaml in `/Users/christianbearden/OutpostDigitalSolutions/dataconnect`\n"}}
[debug] [2026-04-03T00:40:06.268Z] E0402 19:40:06.268012    1621 watch.go:40] Failed to load config from "/Users/christianbearden/OutpostDigitalSolutions/dataconnect": could not find dataconnect.yaml in `/Users/christianbearden/OutpostDigitalSolutions/dataconnect`
 {"metadata":{"emulator":{"name":"dataconnect"},"message":"E0402 19:40:06.268012    1621 watch.go:40] Failed to load config from \"/Users/christianbearden/OutpostDigitalSolutions/dataconnect\": could not find dataconnect.yaml in `/Users/christianbearden/OutpostDigitalSolutions/dataconnect`\n"}}
[debug] [2026-04-03T00:40:16.269Z] E0402 19:40:16.268789    1621 watch.go:40] Failed to load config from "/Users/christianbearden/OutpostDigitalSolutions/dataconnect": could not find dataconnect.yaml in `/Users/christianbearden/OutpostDigitalSolutions/dataconnect`
 {"metadata":{"emulator":{"name":"dataconnect"},"message":"E0402 19:40:16.268789    1621 watch.go:40] Failed to load config from \"/Users/christianbearden/OutpostDigitalSolutions/dataconnect\": could not find dataconnect.yaml in `/Users/christianbearden/OutpostDigitalSolutions/dataconnect`\n"}}
[debug] [2026-04-03T00:40:26.268Z] E0402 19:40:26.268042    1621 watch.go:40] Failed to load config from "/Users/christianbearden/OutpostDigitalSolutions/dataconnect": could not find dataconnect.yaml in `/Users/christianbearden/OutpostDigitalSolutions/dataconnect`
 {"metadata":{"emulator":{"name":"dataconnect"},"message":"E0402 19:40:26.268042    1621 watch.go:40] Failed to load config from \"/Users/christianbearden/OutpostDigitalSolutions/dataconnect\": could not find dataconnect.yaml in `/Users/christianbearden/OutpostDigitalSolutions/dataconnect`\n"}}
[debug] [2026-04-03T00:40:36.270Z] E0402 19:40:36.268292    1621 watch.go:40] Failed to load config from "/Users/christianbearden/OutpostDigitalSolutions/dataconnect": could not find dataconnect.yaml in `/Users/christianbearden/OutpostDigitalSolutions/dataconnect`
 {"metadata":{"emulator":{"name":"dataconnect"},"message":"E0402 19:40:36.268292    1621 watch.go:40] Failed to load config from \"/Users/christianbearden/OutpostDigitalSolutions/dataconnect\": could not find dataconnect.yaml in `/Users/christianbearden/OutpostDigitalSolutions/dataconnect`\n"}}
[debug] [2026-04-03T00:40:46.268Z] E0402 19:40:46.268343    1621 watch.go:40] Failed to load config from "/Users/christianbearden/OutpostDigitalSolutions/dataconnect": could not find dataconnect.yaml in `/Users/christianbearden/OutpostDigitalSolutions/dataconnect`
 {"metadata":{"emulator":{"name":"dataconnect"},"message":"E0402 19:40:46.268343    1621 watch.go:40] Failed to load config from \"/Users/christianbearden/OutpostDigitalSolutions/dataconnect\": could not find dataconnect.yaml in `/Users/christianbearden/OutpostDigitalSolutions/dataconnect`\n"}}
[debug] [2026-04-03T00:40:46.272Z] E0402 19:40:46.268618    1621 watch.go:116] watchAllDir unable to walk dir `/Users/christianbearden/OutpostDigitalSolutions/dataconnect`: lstat /Users/christianbearden/OutpostDigitalSolutions/dataconnect: no such file or directory
 {"metadata":{"emulator":{"name":"dataconnect"},"message":"E0402 19:40:46.268618    1621 watch.go:116] watchAllDir unable to walk dir `/Users/christianbearden/OutpostDigitalSolutions/dataconnect`: lstat /Users/christianbearden/OutpostDigitalSolutions/dataconnect: no such file or directory\n"}}
[debug] [2026-04-03T00:40:56.269Z] E0402 19:40:56.268707    1621 watch.go:40] Failed to load config from "/Users/christianbearden/OutpostDigitalSolutions/dataconnect": could not find dataconnect.yaml in `/Users/christianbearden/OutpostDigitalSolutions/dataconnect`
 {"metadata":{"emulator":{"name":"dataconnect"},"message":"E0402 19:40:56.268707    1621 watch.go:40] Failed to load config from \"/Users/christianbearden/OutpostDigitalSolutions/dataconnect\": could not find dataconnect.yaml in `/Users/christianbearden/OutpostDigitalSolutions/dataconnect`\n"}}
[debug] [2026-04-03T00:41:06.268Z] E0402 19:41:06.268519    1621 watch.go:40] Failed to load config from "/Users/christianbearden/OutpostDigitalSolutions/dataconnect": could not find dataconnect.yaml in `/Users/christianbearden/OutpostDigitalSolutions/dataconnect`
 {"metadata":{"emulator":{"name":"dataconnect"},"message":"E0402 19:41:06.268519    1621 watch.go:40] Failed to load config from \"/Users/christianbearden/OutpostDigitalSolutions/dataconnect\": could not find dataconnect.yaml in `/Users/christianbearden/OutpostDigitalSolutions/dataconnect`\n"}}
[debug] [2026-04-03T00:41:16.268Z] E0402 19:41:16.268679    1621 watch.go:40] Failed to load config from "/Users/christianbearden/OutpostDigitalSolutions/dataconnect": could not find dataconnect.yaml in `/Users/christianbearden/OutpostDigitalSolutions/dataconnect`
 {"metadata":{"emulator":{"name":"dataconnect"},"message":"E0402 19:41:16.268679    1621 watch.go:40] Failed to load config from \"/Users/christianbearden/OutpostDigitalSolutions/dataconnect\": could not find dataconnect.yaml in `/Users/christianbearden/OutpostDigitalSolutions/dataconnect`\n"}}
[debug] [2026-04-03T00:41:26.317Z] E0402 19:41:26.291558    1621 watch.go:40] Failed to load config from "/Users/christianbearden/OutpostDigitalSolutions/dataconnect": could not find dataconnect.yaml in `/Users/christianbearden/OutpostDigitalSolutions/dataconnect`
 {"metadata":{"emulator":{"name":"dataconnect"},"message":"E0402 19:41:26.291558    1621 watch.go:40] Failed to load config from \"/Users/christianbearden/OutpostDigitalSolutions/dataconnect\": could not find dataconnect.yaml in `/Users/christianbearden/OutpostDigitalSolutions/dataconnect`\n"}}
[debug] [2026-04-03T00:41:36.269Z] E0402 19:41:36.268930    1621 watch.go:40] Failed to load config from "/Users/christianbearden/OutpostDigitalSolutions/dataconnect": could not find dataconnect.yaml in `/Users/christianbearden/OutpostDigitalSolutions/dataconnect`
 {"metadata":{"emulator":{"name":"dataconnect"},"message":"E0402 19:41:36.268930    1621 watch.go:40] Failed to load config from \"/Users/christianbearden/OutpostDigitalSolutions/dataconnect\": could not find dataconnect.yaml in `/Users/christianbearden/OutpostDigitalSolutions/dataconnect`\n"}}
[debug] [2026-04-03T00:41:46.269Z] E0402 19:41:46.268915    1621 watch.go:40] Failed to load config from "/Users/christianbearden/OutpostDigitalSolutions/dataconnect": could not find dataconnect.yaml in `/Users/christianbearden/OutpostDigitalSolutions/dataconnect`
 {"metadata":{"emulator":{"name":"dataconnect"},"message":"E0402 19:41:46.268915    1621 watch.go:40] Failed to load config from \"/Users/christianbearden/OutpostDigitalSolutions/dataconnect\": could not find dataconnect.yaml in `/Users/christianbearden/OutpostDigitalSolutions/dataconnect`\n"}}
[debug] [2026-04-03T00:41:46.269Z] E0402 19:41:46.268888    1621 watch.go:116] watchAllDir unable to walk dir `/Users/christianbearden/OutpostDigitalSolutions/dataconnect`: lstat /Users/christianbearden/OutpostDigitalSolutions/dataconnect: no such file or directory
 {"metadata":{"emulator":{"name":"dataconnect"},"message":"E0402 19:41:46.268888    1621 watch.go:116] watchAllDir unable to walk dir `/Users/christianbearden/OutpostDigitalSolutions/dataconnect`: lstat /Users/christianbearden/OutpostDigitalSolutions/dataconnect: no such file or directory\n"}}
[debug] [2026-04-03T00:41:56.268Z] E0402 19:41:56.268379    1621 watch.go:40] Failed to load config from "/Users/christianbearden/OutpostDigitalSolutions/dataconnect": could not find dataconnect.yaml in `/Users/christianbearden/OutpostDigitalSolutions/dataconnect`
 {"metadata":{"emulator":{"name":"dataconnect"},"message":"E0402 19:41:56.268379    1621 watch.go:40] Failed to load config from \"/Users/christianbearden/OutpostDigitalSolutions/dataconnect\": could not find dataconnect.yaml in `/Users/christianbearden/OutpostDigitalSolutions/dataconnect`\n"}}
[debug] [2026-04-03T00:42:06.270Z] E0402 19:42:06.269860    1621 watch.go:40] Failed to load config from "/Users/christianbearden/OutpostDigitalSolutions/dataconnect": could not find dataconnect.yaml in `/Users/christianbearden/OutpostDigitalSolutions/dataconnect`
 {"metadata":{"emulator":{"name":"dataconnect"},"message":"E0402 19:42:06.269860    1621 watch.go:40] Failed to load config from \"/Users/christianbearden/OutpostDigitalSolutions/dataconnect\": could not find dataconnect.yaml in `/Users/christianbearden/OutpostDigitalSolutions/dataconnect`\n"}}
[debug] [2026-04-03T00:42:16.269Z] E0402 19:42:16.269036    1621 watch.go:40] Failed to load config from "/Users/christianbearden/OutpostDigitalSolutions/dataconnect": could not find dataconnect.yaml in `/Users/christianbearden/OutpostDigitalSolutions/dataconnect`
 {"metadata":{"emulator":{"name":"dataconnect"},"message":"E0402 19:42:16.269036    1621 watch.go:40] Failed to load config from \"/Users/christianbearden/OutpostDigitalSolutions/dataconnect\": could not find dataconnect.yaml in `/Users/christianbearden/OutpostDigitalSolutions/dataconnect`\n"}}
[debug] [2026-04-03T00:42:26.269Z] E0402 19:42:26.269532    1621 watch.go:40] Failed to load config from "/Users/christianbearden/OutpostDigitalSolutions/dataconnect": could not find dataconnect.yaml in `/Users/christianbearden/OutpostDigitalSolutions/dataconnect`
 {"metadata":{"emulator":{"name":"dataconnect"},"message":"E0402 19:42:26.269532    1621 watch.go:40] Failed to load config from \"/Users/christianbearden/OutpostDigitalSolutions/dataconnect\": could not find dataconnect.yaml in `/Users/christianbearden/OutpostDigitalSolutions/dataconnect`\n"}}
[debug] [2026-04-03T00:42:36.270Z] E0402 19:42:36.270171    1621 watch.go:40] Failed to load config from "/Users/christianbearden/OutpostDigitalSolutions/dataconnect": could not find dataconnect.yaml in `/Users/christianbearden/OutpostDigitalSolutions/dataconnect`
 {"metadata":{"emulator":{"name":"dataconnect"},"message":"E0402 19:42:36.270171    1621 watch.go:40] Failed to load config from \"/Users/christianbearden/OutpostDigitalSolutions/dataconnect\": could not find dataconnect.yaml in `/Users/christianbearden/OutpostDigitalSolutions/dataconnect`\n"}}
[debug] [2026-04-03T00:42:46.270Z] E0402 19:42:46.269641    1621 watch.go:40] Failed to load config from "/Users/christianbearden/OutpostDigitalSolutions/dataconnect": could not find dataconnect.yaml in `/Users/christianbearden/OutpostDigitalSolutions/dataconnect`
E0402 19:42:46.269668    1621 watch.go:116] watchAllDir unable to walk dir `/Users/christianbearden/OutpostDigitalSolutions/dataconnect`: lstat /Users/christianbearden/OutpostDigitalSolutions/dataconnect: no such file or directory
 {"metadata":{"emulator":{"name":"dataconnect"},"message":"E0402 19:42:46.269641    1621 watch.go:40] Failed to load config from \"/Users/christianbearden/OutpostDigitalSolutions/dataconnect\": could not find dataconnect.yaml in `/Users/christianbearden/OutpostDigitalSolutions/dataconnect`\nE0402 19:42:46.269668    1621 watch.go:116] watchAllDir unable to walk dir `/Users/christianbearden/OutpostDigitalSolutions/dataconnect`: lstat /Users/christianbearden/OutpostDigitalSolutions/dataconnect: no such file or directory\n"}}
[debug] [2026-04-03T00:42:56.271Z] E0402 19:42:56.269834    1621 watch.go:40] Failed to load config from "/Users/christianbearden/OutpostDigitalSolutions/dataconnect": could not find dataconnect.yaml in `/Users/christianbearden/OutpostDigitalSolutions/dataconnect`
 {"metadata":{"emulator":{"name":"dataconnect"},"message":"E0402 19:42:56.269834    1621 watch.go:40] Failed to load config from \"/Users/christianbearden/OutpostDigitalSolutions/dataconnect\": could not find dataconnect.yaml in `/Users/christianbearden/OutpostDigitalSolutions/dataconnect`\n"}}
[debug] [2026-04-03T00:43:06.269Z] E0402 19:43:06.268929    1621 watch.go:40] Failed to load config from "/Users/christianbearden/OutpostDigitalSolutions/dataconnect": could not find dataconnect.yaml in `/Users/christianbearden/OutpostDigitalSolutions/dataconnect`
 {"metadata":{"emulator":{"name":"dataconnect"},"message":"E0402 19:43:06.268929    1621 watch.go:40] Failed to load config from \"/Users/christianbearden/OutpostDigitalSolutions/dataconnect\": could not find dataconnect.yaml in `/Users/christianbearden/OutpostDigitalSolutions/dataconnect`\n"}}
[debug] [2026-04-03T00:43:16.270Z] E0402 19:43:16.270073    1621 watch.go:40] Failed to load config from "/Users/christianbearden/OutpostDigitalSolutions/dataconnect": could not find dataconnect.yaml in `/Users/christianbearden/OutpostDigitalSolutions/dataconnect`
 {"metadata":{"emulator":{"name":"dataconnect"},"message":"E0402 19:43:16.270073    1621 watch.go:40] Failed to load config from \"/Users/christianbearden/OutpostDigitalSolutions/dataconnect\": could not find dataconnect.yaml in `/Users/christianbearden/OutpostDigitalSolutions/dataconnect`\n"}}
[debug] [2026-04-03T00:43:26.270Z] E0402 19:43:26.270158    1621 watch.go:40] Failed to load config from "/Users/christianbearden/OutpostDigitalSolutions/dataconnect": could not find dataconnect.yaml in `/Users/christianbearden/OutpostDigitalSolutions/dataconnect`
 {"metadata":{"emulator":{"name":"dataconnect"},"message":"E0402 19:43:26.270158    1621 watch.go:40] Failed to load config from \"/Users/christianbearden/OutpostDigitalSolutions/dataconnect\": could not find dataconnect.yaml in `/Users/christianbearden/OutpostDigitalSolutions/dataconnect`\n"}}
[debug] [2026-04-03T00:43:36.283Z] E0402 19:43:36.282880    1621 watch.go:40] Failed to load config from "/Users/christianbearden/OutpostDigitalSolutions/dataconnect": could not find dataconnect.yaml in `/Users/christianbearden/OutpostDigitalSolutions/dataconnect`
 {"metadata":{"emulator":{"name":"dataconnect"},"message":"E0402 19:43:36.282880    1621 watch.go:40] Failed to load config from \"/Users/christianbearden/OutpostDigitalSolutions/dataconnect\": could not find dataconnect.yaml in `/Users/christianbearden/OutpostDigitalSolutions/dataconnect`\n"}}
[debug] [2026-04-03T00:43:46.270Z] E0402 19:43:46.270017    1621 watch.go:40] Failed to load config from "/Users/christianbearden/OutpostDigitalSolutions/dataconnect": could not find dataconnect.yaml in `/Users/christianbearden/OutpostDigitalSolutions/dataconnect`
E0402 19:43:46.269986    1621 watch.go:116] watchAllDir unable to walk dir `/Users/christianbearden/OutpostDigitalSolutions/dataconnect`: lstat /Users/christianbearden/OutpostDigitalSolutions/dataconnect: no such file or directory
 {"metadata":{"emulator":{"name":"dataconnect"},"message":"E0402 19:43:46.270017    1621 watch.go:40] Failed to load config from \"/Users/christianbearden/OutpostDigitalSolutions/dataconnect\": could not find dataconnect.yaml in `/Users/christianbearden/OutpostDigitalSolutions/dataconnect`\nE0402 19:43:46.269986    1621 watch.go:116] watchAllDir unable to walk dir `/Users/christianbearden/OutpostDigitalSolutions/dataconnect`: lstat /Users/christianbearden/OutpostDigitalSolutions/dataconnect: no such file or directory\n"}}
[debug] [2026-04-03T00:43:56.270Z] E0402 19:43:56.270543    1621 watch.go:40] Failed to load config from "/Users/christianbearden/OutpostDigitalSolutions/dataconnect": could not find dataconnect.yaml in `/Users/christianbearden/OutpostDigitalSolutions/dataconnect`
 {"metadata":{"emulator":{"name":"dataconnect"},"message":"E0402 19:43:56.270543    1621 watch.go:40] Failed to load config from \"/Users/christianbearden/OutpostDigitalSolutions/dataconnect\": could not find dataconnect.yaml in `/Users/christianbearden/OutpostDigitalSolutions/dataconnect`\n"}}
[debug] [2026-04-03T00:44:06.270Z] E0402 19:44:06.269703    1621 watch.go:40] Failed to load config from "/Users/christianbearden/OutpostDigitalSolutions/dataconnect": could not find dataconnect.yaml in `/Users/christianbearden/OutpostDigitalSolutions/dataconnect`
 {"metadata":{"emulator":{"name":"dataconnect"},"message":"E0402 19:44:06.269703    1621 watch.go:40] Failed to load config from \"/Users/christianbearden/OutpostDigitalSolutions/dataconnect\": could not find dataconnect.yaml in `/Users/christianbearden/OutpostDigitalSolutions/dataconnect`\n"}}
[debug] [2026-04-03T00:44:16.271Z] E0402 19:44:16.270679    1621 watch.go:40] Failed to load config from "/Users/christianbearden/OutpostDigitalSolutions/dataconnect": could not find dataconnect.yaml in `/Users/christianbearden/OutpostDigitalSolutions/dataconnect`
 {"metadata":{"emulator":{"name":"dataconnect"},"message":"E0402 19:44:16.270679    1621 watch.go:40] Failed to load config from \"/Users/christianbearden/OutpostDigitalSolutions/dataconnect\": could not find dataconnect.yaml in `/Users/christianbearden/OutpostDigitalSolutions/dataconnect`\n"}}
[debug] [2026-04-03T00:44:26.269Z] E0402 19:44:26.268930    1621 watch.go:40] Failed to load config from "/Users/christianbearden/OutpostDigitalSolutions/dataconnect": could not find dataconnect.yaml in `/Users/christianbearden/OutpostDigitalSolutions/dataconnect`
 {"metadata":{"emulator":{"name":"dataconnect"},"message":"E0402 19:44:26.268930    1621 watch.go:40] Failed to load config from \"/Users/christianbearden/OutpostDigitalSolutions/dataconnect\": could not find dataconnect.yaml in `/Users/christianbearden/OutpostDigitalSolutions/dataconnect`\n"}}
[debug] [2026-04-03T00:44:36.266Z] E0402 19:44:36.266509    1621 watch.go:40] Failed to load config from "/Users/christianbearden/OutpostDigitalSolutions/dataconnect": could not find dataconnect.yaml in `/Users/christianbearden/OutpostDigitalSolutions/dataconnect`
 {"metadata":{"emulator":{"name":"dataconnect"},"message":"E0402 19:44:36.266509    1621 watch.go:40] Failed to load config from \"/Users/christianbearden/OutpostDigitalSolutions/dataconnect\": could not find dataconnect.yaml in `/Users/christianbearden/OutpostDigitalSolutions/dataconnect`\n"}}
[debug] [2026-04-03T00:44:46.265Z] E0402 19:44:46.265139    1621 watch.go:40] Failed to load config from "/Users/christianbearden/OutpostDigitalSolutions/dataconnect": could not find dataconnect.yaml in `/Users/christianbearden/OutpostDigitalSolutions/dataconnect`
E0402 19:44:46.265068    1621 watch.go:116] watchAllDir unable to walk dir `/Users/christianbearden/OutpostDigitalSolutions/dataconnect`: lstat /Users/christianbearden/OutpostDigitalSolutions/dataconnect: no such file or directory
 {"metadata":{"emulator":{"name":"dataconnect"},"message":"E0402 19:44:46.265139    1621 watch.go:40] Failed to load config from \"/Users/christianbearden/OutpostDigitalSolutions/dataconnect\": could not find dataconnect.yaml in `/Users/christianbearden/OutpostDigitalSolutions/dataconnect`\nE0402 19:44:46.265068    1621 watch.go:116] watchAllDir unable to walk dir `/Users/christianbearden/OutpostDigitalSolutions/dataconnect`: lstat /Users/christianbearden/OutpostDigitalSolutions/dataconnect: no such file or directory\n"}}
[debug] [2026-04-03T00:44:56.265Z] E0402 19:44:56.264604    1621 watch.go:40] Failed to load config from "/Users/christianbearden/OutpostDigitalSolutions/dataconnect": could not find dataconnect.yaml in `/Users/christianbearden/OutpostDigitalSolutions/dataconnect`
 {"metadata":{"emulator":{"name":"dataconnect"},"message":"E0402 19:44:56.264604    1621 watch.go:40] Failed to load config from \"/Users/christianbearden/OutpostDigitalSolutions/dataconnect\": could not find dataconnect.yaml in `/Users/christianbearden/OutpostDigitalSolutions/dataconnect`\n"}}
[debug] [2026-04-03T00:45:06.264Z] E0402 19:45:06.264123    1621 watch.go:40] Failed to load config from "/Users/christianbearden/OutpostDigitalSolutions/dataconnect": could not find dataconnect.yaml in `/Users/christianbearden/OutpostDigitalSolutions/dataconnect`
 {"metadata":{"emulator":{"name":"dataconnect"},"message":"E0402 19:45:06.264123    1621 watch.go:40] Failed to load config from \"/Users/christianbearden/OutpostDigitalSolutions/dataconnect\": could not find dataconnect.yaml in `/Users/christianbearden/OutpostDigitalSolutions/dataconnect`\n"}}
[debug] [2026-04-03T00:45:16.277Z] E0402 19:45:16.277021    1621 watch.go:40] Failed to load config from "/Users/christianbearden/OutpostDigitalSolutions/dataconnect": could not find dataconnect.yaml in `/Users/christianbearden/OutpostDigitalSolutions/dataconnect`
 {"metadata":{"emulator":{"name":"dataconnect"},"message":"E0402 19:45:16.277021    1621 watch.go:40] Failed to load config from \"/Users/christianbearden/OutpostDigitalSolutions/dataconnect\": could not find dataconnect.yaml in `/Users/christianbearden/OutpostDigitalSolutions/dataconnect`\n"}}
[debug] [2026-04-03T00:45:26.264Z] E0402 19:45:26.264201    1621 watch.go:40] Failed to load config from "/Users/christianbearden/OutpostDigitalSolutions/dataconnect": could not find dataconnect.yaml in `/Users/christianbearden/OutpostDigitalSolutions/dataconnect`
 {"metadata":{"emulator":{"name":"dataconnect"},"message":"E0402 19:45:26.264201    1621 watch.go:40] Failed to load config from \"/Users/christianbearden/OutpostDigitalSolutions/dataconnect\": could not find dataconnect.yaml in `/Users/christianbearden/OutpostDigitalSolutions/dataconnect`\n"}}
[debug] [2026-04-03T00:45:36.264Z] E0402 19:45:36.263590    1621 watch.go:40] Failed to load config from "/Users/christianbearden/OutpostDigitalSolutions/dataconnect": could not find dataconnect.yaml in `/Users/christianbearden/OutpostDigitalSolutions/dataconnect`
 {"metadata":{"emulator":{"name":"dataconnect"},"message":"E0402 19:45:36.263590    1621 watch.go:40] Failed to load config from \"/Users/christianbearden/OutpostDigitalSolutions/dataconnect\": could not find dataconnect.yaml in `/Users/christianbearden/OutpostDigitalSolutions/dataconnect`\n"}}
[debug] [2026-04-03T00:45:46.264Z] E0402 19:45:46.264031    1621 watch.go:116] watchAllDir unable to walk dir `/Users/christianbearden/OutpostDigitalSolutions/dataconnect`: lstat /Users/christianbearden/OutpostDigitalSolutions/dataconnect: no such file or directory
E0402 19:45:46.264191    1621 watch.go:40] Failed to load config from "/Users/christianbearden/OutpostDigitalSolutions/dataconnect": could not find dataconnect.yaml in `/Users/christianbearden/OutpostDigitalSolutions/dataconnect`
 {"metadata":{"emulator":{"name":"dataconnect"},"message":"E0402 19:45:46.264031    1621 watch.go:116] watchAllDir unable to walk dir `/Users/christianbearden/OutpostDigitalSolutions/dataconnect`: lstat /Users/christianbearden/OutpostDigitalSolutions/dataconnect: no such file or directory\nE0402 19:45:46.264191    1621 watch.go:40] Failed to load config from \"/Users/christianbearden/OutpostDigitalSolutions/dataconnect\": could not find dataconnect.yaml in `/Users/christianbearden/OutpostDigitalSolutions/dataconnect`\n"}}
[debug] [2026-04-03T00:45:56.264Z] E0402 19:45:56.264084    1621 watch.go:40] Failed to load config from "/Users/christianbearden/OutpostDigitalSolutions/dataconnect": could not find dataconnect.yaml in `/Users/christianbearden/OutpostDigitalSolutions/dataconnect`
 {"metadata":{"emulator":{"name":"dataconnect"},"message":"E0402 19:45:56.264084    1621 watch.go:40] Failed to load config from \"/Users/christianbearden/OutpostDigitalSolutions/dataconnect\": could not find dataconnect.yaml in `/Users/christianbearden/OutpostDigitalSolutions/dataconnect`\n"}}
[debug] [2026-04-03T00:46:06.265Z] E0402 19:46:06.263270    1621 watch.go:40] Failed to load config from "/Users/christianbearden/OutpostDigitalSolutions/dataconnect": could not find dataconnect.yaml in `/Users/christianbearden/OutpostDigitalSolutions/dataconnect`
 {"metadata":{"emulator":{"name":"dataconnect"},"message":"E0402 19:46:06.263270    1621 watch.go:40] Failed to load config from \"/Users/christianbearden/OutpostDigitalSolutions/dataconnect\": could not find dataconnect.yaml in `/Users/christianbearden/OutpostDigitalSolutions/dataconnect`\n"}}
[debug] [2026-04-03T00:46:16.264Z] E0402 19:46:16.264282    1621 watch.go:40] Failed to load config from "/Users/christianbearden/OutpostDigitalSolutions/dataconnect": could not find dataconnect.yaml in `/Users/christianbearden/OutpostDigitalSolutions/dataconnect`
 {"metadata":{"emulator":{"name":"dataconnect"},"message":"E0402 19:46:16.264282    1621 watch.go:40] Failed to load config from \"/Users/christianbearden/OutpostDigitalSolutions/dataconnect\": could not find dataconnect.yaml in `/Users/christianbearden/OutpostDigitalSolutions/dataconnect`\n"}}
[debug] [2026-04-03T00:46:26.264Z] E0402 19:46:26.264481    1621 watch.go:40] Failed to load config from "/Users/christianbearden/OutpostDigitalSolutions/dataconnect": could not find dataconnect.yaml in `/Users/christianbearden/OutpostDigitalSolutions/dataconnect`
 {"metadata":{"emulator":{"name":"dataconnect"},"message":"E0402 19:46:26.264481    1621 watch.go:40] Failed to load config from \"/Users/christianbearden/OutpostDigitalSolutions/dataconnect\": could not find dataconnect.yaml in `/Users/christianbearden/OutpostDigitalSolutions/dataconnect`\n"}}
[debug] [2026-04-03T00:46:36.264Z] E0402 19:46:36.264317    1621 watch.go:40] Failed to load config from "/Users/christianbearden/OutpostDigitalSolutions/dataconnect": could not find dataconnect.yaml in `/Users/christianbearden/OutpostDigitalSolutions/dataconnect`
 {"metadata":{"emulator":{"name":"dataconnect"},"message":"E0402 19:46:36.264317    1621 watch.go:40] Failed to load config from \"/Users/christianbearden/OutpostDigitalSolutions/dataconnect\": could not find dataconnect.yaml in `/Users/christianbearden/OutpostDigitalSolutions/dataconnect`\n"}}
[debug] [2026-04-03T00:46:46.264Z] E0402 19:46:46.264441    1621 watch.go:116] watchAllDir unable to walk dir `/Users/christianbearden/OutpostDigitalSolutions/dataconnect`: lstat /Users/christianbearden/OutpostDigitalSolutions/dataconnect: no such file or directory
E0402 19:46:46.264474    1621 watch.go:40] Failed to load config from "/Users/christianbearden/OutpostDigitalSolutions/dataconnect": could not find dataconnect.yaml in `/Users/christianbearden/OutpostDigitalSolutions/dataconnect`
 {"metadata":{"emulator":{"name":"dataconnect"},"message":"E0402 19:46:46.264441    1621 watch.go:116] watchAllDir unable to walk dir `/Users/christianbearden/OutpostDigitalSolutions/dataconnect`: lstat /Users/christianbearden/OutpostDigitalSolutions/dataconnect: no such file or directory\nE0402 19:46:46.264474    1621 watch.go:40] Failed to load config from \"/Users/christianbearden/OutpostDigitalSolutions/dataconnect\": could not find dataconnect.yaml in `/Users/christianbearden/OutpostDigitalSolutions/dataconnect`\n"}}
[debug] [2026-04-03T00:46:56.264Z] E0402 19:46:56.263987    1621 watch.go:40] Failed to load config from "/Users/christianbearden/OutpostDigitalSolutions/dataconnect": could not find dataconnect.yaml in `/Users/christianbearden/OutpostDigitalSolutions/dataconnect`
 {"metadata":{"emulator":{"name":"dataconnect"},"message":"E0402 19:46:56.263987    1621 watch.go:40] Failed to load config from \"/Users/christianbearden/OutpostDigitalSolutions/dataconnect\": could not find dataconnect.yaml in `/Users/christianbearden/OutpostDigitalSolutions/dataconnect`\n"}}
[debug] [2026-04-03T00:47:06.265Z] E0402 19:47:06.264833    1621 watch.go:40] Failed to load config from "/Users/christianbearden/OutpostDigitalSolutions/dataconnect": could not find dataconnect.yaml in `/Users/christianbearden/OutpostDigitalSolutions/dataconnect`
 {"metadata":{"emulator":{"name":"dataconnect"},"message":"E0402 19:47:06.264833    1621 watch.go:40] Failed to load config from \"/Users/christianbearden/OutpostDigitalSolutions/dataconnect\": could not find dataconnect.yaml in `/Users/christianbearden/OutpostDigitalSolutions/dataconnect`\n"}}
[debug] [2026-04-03T00:47:16.265Z] E0402 19:47:16.264969    1621 watch.go:40] Failed to load config from "/Users/christianbearden/OutpostDigitalSolutions/dataconnect": could not find dataconnect.yaml in `/Users/christianbearden/OutpostDigitalSolutions/dataconnect`
 {"metadata":{"emulator":{"name":"dataconnect"},"message":"E0402 19:47:16.264969    1621 watch.go:40] Failed to load config from \"/Users/christianbearden/OutpostDigitalSolutions/dataconnect\": could not find dataconnect.yaml in `/Users/christianbearden/OutpostDigitalSolutions/dataconnect`\n"}}
[debug] [2026-04-03T00:47:26.265Z] E0402 19:47:26.264937    1621 watch.go:40] Failed to load config from "/Users/christianbearden/OutpostDigitalSolutions/dataconnect": could not find dataconnect.yaml in `/Users/christianbearden/OutpostDigitalSolutions/dataconnect`
 {"metadata":{"emulator":{"name":"dataconnect"},"message":"E0402 19:47:26.264937    1621 watch.go:40] Failed to load config from \"/Users/christianbearden/OutpostDigitalSolutions/dataconnect\": could not find dataconnect.yaml in `/Users/christianbearden/OutpostDigitalSolutions/dataconnect`\n"}}
[debug] [2026-04-03T00:47:36.265Z] E0402 19:47:36.264903    1621 watch.go:40] Failed to load config from "/Users/christianbearden/OutpostDigitalSolutions/dataconnect": could not find dataconnect.yaml in `/Users/christianbearden/OutpostDigitalSolutions/dataconnect`
 {"metadata":{"emulator":{"name":"dataconnect"},"message":"E0402 19:47:36.264903    1621 watch.go:40] Failed to load config from \"/Users/christianbearden/OutpostDigitalSolutions/dataconnect\": could not find dataconnect.yaml in `/Users/christianbearden/OutpostDigitalSolutions/dataconnect`\n"}}
[debug] [2026-04-03T00:47:46.266Z] E0402 19:47:46.265557    1621 watch.go:116] watchAllDir unable to walk dir `/Users/christianbearden/OutpostDigitalSolutions/dataconnect`: lstat /Users/christianbearden/OutpostDigitalSolutions/dataconnect: no such file or directory
 {"metadata":{"emulator":{"name":"dataconnect"},"message":"E0402 19:47:46.265557    1621 watch.go:116] watchAllDir unable to walk dir `/Users/christianbearden/OutpostDigitalSolutions/dataconnect`: lstat /Users/christianbearden/OutpostDigitalSolutions/dataconnect: no such file or directory\n"}}
[debug] [2026-04-03T00:47:46.268Z] E0402 19:47:46.268850    1621 watch.go:40] Failed to load config from "/Users/christianbearden/OutpostDigitalSolutions/dataconnect": could not find dataconnect.yaml in `/Users/christianbearden/OutpostDigitalSolutions/dataconnect`
 {"metadata":{"emulator":{"name":"dataconnect"},"message":"E0402 19:47:46.268850    1621 watch.go:40] Failed to load config from \"/Users/christianbearden/OutpostDigitalSolutions/dataconnect\": could not find dataconnect.yaml in `/Users/christianbearden/OutpostDigitalSolutions/dataconnect`\n"}}
[debug] [2026-04-03T00:47:56.265Z] E0402 19:47:56.264956    1621 watch.go:40] Failed to load config from "/Users/christianbearden/OutpostDigitalSolutions/dataconnect": could not find dataconnect.yaml in `/Users/christianbearden/OutpostDigitalSolutions/dataconnect`
 {"metadata":{"emulator":{"name":"dataconnect"},"message":"E0402 19:47:56.264956    1621 watch.go:40] Failed to load config from \"/Users/christianbearden/OutpostDigitalSolutions/dataconnect\": could not find dataconnect.yaml in `/Users/christianbearden/OutpostDigitalSolutions/dataconnect`\n"}}
[debug] [2026-04-03T00:48:06.265Z] E0402 19:48:06.265232    1621 watch.go:40] Failed to load config from "/Users/christianbearden/OutpostDigitalSolutions/dataconnect": could not find dataconnect.yaml in `/Users/christianbearden/OutpostDigitalSolutions/dataconnect`
 {"metadata":{"emulator":{"name":"dataconnect"},"message":"E0402 19:48:06.265232    1621 watch.go:40] Failed to load config from \"/Users/christianbearden/OutpostDigitalSolutions/dataconnect\": could not find dataconnect.yaml in `/Users/christianbearden/OutpostDigitalSolutions/dataconnect`\n"}}
[debug] [2026-04-03T00:48:16.265Z] E0402 19:48:16.265093    1621 watch.go:40] Failed to load config from "/Users/christianbearden/OutpostDigitalSolutions/dataconnect": could not find dataconnect.yaml in `/Users/christianbearden/OutpostDigitalSolutions/dataconnect`
 {"metadata":{"emulator":{"name":"dataconnect"},"message":"E0402 19:48:16.265093    1621 watch.go:40] Failed to load config from \"/Users/christianbearden/OutpostDigitalSolutions/dataconnect\": could not find dataconnect.yaml in `/Users/christianbearden/OutpostDigitalSolutions/dataconnect`\n"}}
[debug] [2026-04-03T00:48:26.265Z] E0402 19:48:26.265443    1621 watch.go:40] Failed to load config from "/Users/christianbearden/OutpostDigitalSolutions/dataconnect": could not find dataconnect.yaml in `/Users/christianbearden/OutpostDigitalSolutions/dataconnect`
 {"metadata":{"emulator":{"name":"dataconnect"},"message":"E0402 19:48:26.265443    1621 watch.go:40] Failed to load config from \"/Users/christianbearden/OutpostDigitalSolutions/dataconnect\": could not find dataconnect.yaml in `/Users/christianbearden/OutpostDigitalSolutions/dataconnect`\n"}}
[debug] [2026-04-03T00:48:36.265Z] E0402 19:48:36.265088    1621 watch.go:40] Failed to load config from "/Users/christianbearden/OutpostDigitalSolutions/dataconnect": could not find dataconnect.yaml in `/Users/christianbearden/OutpostDigitalSolutions/dataconnect`
 {"metadata":{"emulator":{"name":"dataconnect"},"message":"E0402 19:48:36.265088    1621 watch.go:40] Failed to load config from \"/Users/christianbearden/OutpostDigitalSolutions/dataconnect\": could not find dataconnect.yaml in `/Users/christianbearden/OutpostDigitalSolutions/dataconnect`\n"}}
[debug] [2026-04-03T00:48:46.265Z] E0402 19:48:46.265301    1621 watch.go:40] Failed to load config from "/Users/christianbearden/OutpostDigitalSolutions/dataconnect": could not find dataconnect.yaml in `/Users/christianbearden/OutpostDigitalSolutions/dataconnect`
E0402 19:48:46.265240    1621 watch.go:116] watchAllDir unable to walk dir `/Users/christianbearden/OutpostDigitalSolutions/dataconnect`: lstat /Users/christianbearden/OutpostDigitalSolutions/dataconnect: no such file or directory
 {"metadata":{"emulator":{"name":"dataconnect"},"message":"E0402 19:48:46.265301    1621 watch.go:40] Failed to load config from \"/Users/christianbearden/OutpostDigitalSolutions/dataconnect\": could not find dataconnect.yaml in `/Users/christianbearden/OutpostDigitalSolutions/dataconnect`\nE0402 19:48:46.265240    1621 watch.go:116] watchAllDir unable to walk dir `/Users/christianbearden/OutpostDigitalSolutions/dataconnect`: lstat /Users/christianbearden/OutpostDigitalSolutions/dataconnect: no such file or directory\n"}}
[debug] [2026-04-03T00:48:56.266Z] E0402 19:48:56.265694    1621 watch.go:40] Failed to load config from "/Users/christianbearden/OutpostDigitalSolutions/dataconnect": could not find dataconnect.yaml in `/Users/christianbearden/OutpostDigitalSolutions/dataconnect`
 {"metadata":{"emulator":{"name":"dataconnect"},"message":"E0402 19:48:56.265694    1621 watch.go:40] Failed to load config from \"/Users/christianbearden/OutpostDigitalSolutions/dataconnect\": could not find dataconnect.yaml in `/Users/christianbearden/OutpostDigitalSolutions/dataconnect`\n"}}
[debug] [2026-04-03T00:49:06.266Z] E0402 19:49:06.265824    1621 watch.go:40] Failed to load config from "/Users/christianbearden/OutpostDigitalSolutions/dataconnect": could not find dataconnect.yaml in `/Users/christianbearden/OutpostDigitalSolutions/dataconnect`
 {"metadata":{"emulator":{"name":"dataconnect"},"message":"E0402 19:49:06.265824    1621 watch.go:40] Failed to load config from \"/Users/christianbearden/OutpostDigitalSolutions/dataconnect\": could not find dataconnect.yaml in `/Users/christianbearden/OutpostDigitalSolutions/dataconnect`\n"}}
[debug] [2026-04-03T00:49:16.266Z] E0402 19:49:16.265804    1621 watch.go:40] Failed to load config from "/Users/christianbearden/OutpostDigitalSolutions/dataconnect": could not find dataconnect.yaml in `/Users/christianbearden/OutpostDigitalSolutions/dataconnect`
 {"metadata":{"emulator":{"name":"dataconnect"},"message":"E0402 19:49:16.265804    1621 watch.go:40] Failed to load config from \"/Users/christianbearden/OutpostDigitalSolutions/dataconnect\": could not find dataconnect.yaml in `/Users/christianbearden/OutpostDigitalSolutions/dataconnect`\n"}}
[debug] [2026-04-03T00:49:26.265Z] E0402 19:49:26.264909    1621 watch.go:40] Failed to load config from "/Users/christianbearden/OutpostDigitalSolutions/dataconnect": could not find dataconnect.yaml in `/Users/christianbearden/OutpostDigitalSolutions/dataconnect`
 {"metadata":{"emulator":{"name":"dataconnect"},"message":"E0402 19:49:26.264909    1621 watch.go:40] Failed to load config from \"/Users/christianbearden/OutpostDigitalSolutions/dataconnect\": could not find dataconnect.yaml in `/Users/christianbearden/OutpostDigitalSolutions/dataconnect`\n"}}
[debug] [2026-04-03T00:49:36.266Z] E0402 19:49:36.266200    1621 watch.go:40] Failed to load config from "/Users/christianbearden/OutpostDigitalSolutions/dataconnect": could not find dataconnect.yaml in `/Users/christianbearden/OutpostDigitalSolutions/dataconnect`
 {"metadata":{"emulator":{"name":"dataconnect"},"message":"E0402 19:49:36.266200    1621 watch.go:40] Failed to load config from \"/Users/christianbearden/OutpostDigitalSolutions/dataconnect\": could not find dataconnect.yaml in `/Users/christianbearden/OutpostDigitalSolutions/dataconnect`\n"}}
[debug] [2026-04-03T00:49:46.265Z] E0402 19:49:46.265815    1621 watch.go:116] watchAllDir unable to walk dir `/Users/christianbearden/OutpostDigitalSolutions/dataconnect`: lstat /Users/christianbearden/OutpostDigitalSolutions/dataconnect: no such file or directory
E0402 19:49:46.265839    1621 watch.go:40] Failed to load config from "/Users/christianbearden/OutpostDigitalSolutions/dataconnect": could not find dataconnect.yaml in `/Users/christianbearden/OutpostDigitalSolutions/dataconnect`
 {"metadata":{"emulator":{"name":"dataconnect"},"message":"E0402 19:49:46.265815    1621 watch.go:116] watchAllDir unable to walk dir `/Users/christianbearden/OutpostDigitalSolutions/dataconnect`: lstat /Users/christianbearden/OutpostDigitalSolutions/dataconnect: no such file or directory\nE0402 19:49:46.265839    1621 watch.go:40] Failed to load config from \"/Users/christianbearden/OutpostDigitalSolutions/dataconnect\": could not find dataconnect.yaml in `/Users/christianbearden/OutpostDigitalSolutions/dataconnect`\n"}}
[debug] [2026-04-03T00:49:56.268Z] E0402 19:49:56.267353    1621 watch.go:40] Failed to load config from "/Users/christianbearden/OutpostDigitalSolutions/dataconnect": could not find dataconnect.yaml in `/Users/christianbearden/OutpostDigitalSolutions/dataconnect`
 {"metadata":{"emulator":{"name":"dataconnect"},"message":"E0402 19:49:56.267353    1621 watch.go:40] Failed to load config from \"/Users/christianbearden/OutpostDigitalSolutions/dataconnect\": could not find dataconnect.yaml in `/Users/christianbearden/OutpostDigitalSolutions/dataconnect`\n"}}
[debug] [2026-04-03T00:50:06.266Z] E0402 19:50:06.266078    1621 watch.go:40] Failed to load config from "/Users/christianbearden/OutpostDigitalSolutions/dataconnect": could not find dataconnect.yaml in `/Users/christianbearden/OutpostDigitalSolutions/dataconnect`
 {"metadata":{"emulator":{"name":"dataconnect"},"message":"E0402 19:50:06.266078    1621 watch.go:40] Failed to load config from \"/Users/christianbearden/OutpostDigitalSolutions/dataconnect\": could not find dataconnect.yaml in `/Users/christianbearden/OutpostDigitalSolutions/dataconnect`\n"}}
[debug] [2026-04-03T00:50:16.266Z] E0402 19:50:16.266094    1621 watch.go:40] Failed to load config from "/Users/christianbearden/OutpostDigitalSolutions/dataconnect": could not find dataconnect.yaml in `/Users/christianbearden/OutpostDigitalSolutions/dataconnect`
 {"metadata":{"emulator":{"name":"dataconnect"},"message":"E0402 19:50:16.266094    1621 watch.go:40] Failed to load config from \"/Users/christianbearden/OutpostDigitalSolutions/dataconnect\": could not find dataconnect.yaml in `/Users/christianbearden/OutpostDigitalSolutions/dataconnect`\n"}}
[debug] [2026-04-03T00:50:26.266Z] E0402 19:50:26.265860    1621 watch.go:40] Failed to load config from "/Users/christianbearden/OutpostDigitalSolutions/dataconnect": could not find dataconnect.yaml in `/Users/christianbearden/OutpostDigitalSolutions/dataconnect`
 {"metadata":{"emulator":{"name":"dataconnect"},"message":"E0402 19:50:26.265860    1621 watch.go:40] Failed to load config from \"/Users/christianbearden/OutpostDigitalSolutions/dataconnect\": could not find dataconnect.yaml in `/Users/christianbearden/OutpostDigitalSolutions/dataconnect`\n"}}
[debug] [2026-04-03T00:50:36.266Z] E0402 19:50:36.266424    1621 watch.go:40] Failed to load config from "/Users/christianbearden/OutpostDigitalSolutions/dataconnect": could not find dataconnect.yaml in `/Users/christianbearden/OutpostDigitalSolutions/dataconnect`
 {"metadata":{"emulator":{"name":"dataconnect"},"message":"E0402 19:50:36.266424    1621 watch.go:40] Failed to load config from \"/Users/christianbearden/OutpostDigitalSolutions/dataconnect\": could not find dataconnect.yaml in `/Users/christianbearden/OutpostDigitalSolutions/dataconnect`\n"}}
[debug] [2026-04-03T00:50:46.266Z] E0402 19:50:46.266420    1621 watch.go:116] watchAllDir unable to walk dir `/Users/christianbearden/OutpostDigitalSolutions/dataconnect`: lstat /Users/christianbearden/OutpostDigitalSolutions/dataconnect: no such file or directory
E0402 19:50:46.266450    1621 watch.go:40] Failed to load config from "/Users/christianbearden/OutpostDigitalSolutions/dataconnect": could not find dataconnect.yaml in `/Users/christianbearden/OutpostDigitalSolutions/dataconnect`
 {"metadata":{"emulator":{"name":"dataconnect"},"message":"E0402 19:50:46.266420    1621 watch.go:116] watchAllDir unable to walk dir `/Users/christianbearden/OutpostDigitalSolutions/dataconnect`: lstat /Users/christianbearden/OutpostDigitalSolutions/dataconnect: no such file or directory\nE0402 19:50:46.266450    1621 watch.go:40] Failed to load config from \"/Users/christianbearden/OutpostDigitalSolutions/dataconnect\": could not find dataconnect.yaml in `/Users/christianbearden/OutpostDigitalSolutions/dataconnect`\n"}}
[debug] [2026-04-03T00:50:56.266Z] E0402 19:50:56.266511    1621 watch.go:40] Failed to load config from "/Users/christianbearden/OutpostDigitalSolutions/dataconnect": could not find dataconnect.yaml in `/Users/christianbearden/OutpostDigitalSolutions/dataconnect`
 {"metadata":{"emulator":{"name":"dataconnect"},"message":"E0402 19:50:56.266511    1621 watch.go:40] Failed to load config from \"/Users/christianbearden/OutpostDigitalSolutions/dataconnect\": could not find dataconnect.yaml in `/Users/christianbearden/OutpostDigitalSolutions/dataconnect`\n"}}
[info] [Firebase Plugin] Stopping Data Connect toolkit
[warn] ⚠  Data Connect Emulator has exited upon receiving signal: SIGINT 
